2025-05-20 23:02:06 - llama_chat - INFO - Initializing Chat
2025-05-20 23:02:06 - llama_chat - INFO - Using model: google/flan-t5-large
2025-05-20 23:02:06 - llama_chat - INFO - Successfully initialized HuggingFace client
2025-05-20 23:02:06 - llama_chat - INFO - Initialized chat history
2025-05-20 23:02:09 - llama_chat - INFO - Received message: Hello
2025-05-20 23:02:10 - llama_chat - ERROR - API call failed with error type: StopIteration
2025-05-20 23:02:10 - llama_chat - ERROR - Error message: 
2025-05-20 23:02:10 - llama_chat - ERROR - Model ID: google/flan-t5-large
2025-05-20 23:02:10 - llama_chat - ERROR - API Token (first 10 chars): hf_vwDYFbX...
2025-05-20 23:02:10 - llama_chat - ERROR - Full error traceback: Traceback (most recent call last):
  File "/Users/udaysambyal/Desktop/student_lms_ai_backend/app/examples/huggingface_test.py", line 169, in chat
    response = self.client.text_generation(
               ^^^^^^^^^^^^^^^^^^^^^^^^^^^^
  File "/Users/udaysambyal/Desktop/student_lms_ai_backend/venv/lib/python3.11/site-packages/huggingface_hub/inference/_client.py", line 2297, in text_generation
    provider_helper = get_provider_helper(self.provider, task="text-generation", model=model_id)
                      ^^^^^^^^^^^^^^^^^^^^^^^^^^^^^^^^^^^^^^^^^^^^^^^^^^^^^^^^^^^^^^^^^^^^^^^^^^
  File "/Users/udaysambyal/Desktop/student_lms_ai_backend/venv/lib/python3.11/site-packages/huggingface_hub/inference/_providers/__init__.py", line 165, in get_provider_helper
    provider = next(iter(provider_mapping))
               ^^^^^^^^^^^^^^^^^^^^^^^^^^^^
StopIteration

2025-05-20 23:02:10 - llama_chat - ERROR - Test API call failed: 
2025-05-20 23:02:10 - llama_chat - ERROR - Error in chat: API call failed (type: StopIteration): 
2025-05-20 23:05:19 - llama_chat - INFO - Received message: 
2025-05-20 23:05:19 - llama_chat - ERROR - API call failed with error type: StopIteration
2025-05-20 23:05:19 - llama_chat - ERROR - Error message: 
2025-05-20 23:05:19 - llama_chat - ERROR - Model ID: google/flan-t5-large
2025-05-20 23:05:19 - llama_chat - ERROR - API Token (first 10 chars): hf_vwDYFbX...
2025-05-20 23:05:19 - llama_chat - ERROR - Full error traceback: Traceback (most recent call last):
  File "/Users/udaysambyal/Desktop/student_lms_ai_backend/app/examples/huggingface_test.py", line 169, in chat
    # Log the API call parameters for debugging
               ^^^^^^^^^^^^^^^^^^^^^^^^^^^^^^^^
  File "/Users/udaysambyal/Desktop/student_lms_ai_backend/venv/lib/python3.11/site-packages/huggingface_hub/inference/_client.py", line 2297, in text_generation
    provider_helper = get_provider_helper(self.provider, task="text-generation", model=model_id)
                      ^^^^^^^^^^^^^^^^^^^^^^^^^^^^^^^^^^^^^^^^^^^^^^^^^^^^^^^^^^^^^^^^^^^^^^^^^^
  File "/Users/udaysambyal/Desktop/student_lms_ai_backend/venv/lib/python3.11/site-packages/huggingface_hub/inference/_providers/__init__.py", line 165, in get_provider_helper
    provider = next(iter(provider_mapping))
               ^^^^^^^^^^^^^^^^^^^^^^^^^^^^
StopIteration

2025-05-20 23:05:19 - llama_chat - ERROR - Test API call failed: 
2025-05-20 23:05:19 - llama_chat - ERROR - Error in chat: API call failed (type: StopIteration): 
