2025-05-20 23:01:06 - llama_chat - INFO - Initializing Chat
2025-05-20 23:01:06 - llama_chat - INFO - Using model: google/flan-t5-large
2025-05-20 23:01:06 - llama_chat - INFO - Successfully initialized HuggingFace client
2025-05-20 23:01:06 - llama_chat - INFO - Initialized chat history
2025-05-20 23:01:10 - llama_chat - INFO - Received message: hello
2025-05-20 23:01:10 - llama_chat - ERROR - API call failed with error type: StopIteration, message: 
2025-05-20 23:01:10 - llama_chat - ERROR - Full error traceback: Traceback (most recent call last):
  File "/Users/udaysambyal/Desktop/student_lms_ai_backend/app/examples/huggingface_test.py", line 166, in chat
    response = self.client.text_generation(
               ^^^^^^^^^^^^^^^^^^^^^^^^^^^^
  File "/Users/udaysambyal/Desktop/student_lms_ai_backend/venv/lib/python3.11/site-packages/huggingface_hub/inference/_client.py", line 2297, in text_generation
    provider_helper = get_provider_helper(self.provider, task="text-generation", model=model_id)
                      ^^^^^^^^^^^^^^^^^^^^^^^^^^^^^^^^^^^^^^^^^^^^^^^^^^^^^^^^^^^^^^^^^^^^^^^^^^
  File "/Users/udaysambyal/Desktop/student_lms_ai_backend/venv/lib/python3.11/site-packages/huggingface_hub/inference/_providers/__init__.py", line 165, in get_provider_helper
    provider = next(iter(provider_mapping))
               ^^^^^^^^^^^^^^^^^^^^^^^^^^^^
StopIteration

2025-05-20 23:01:10 - llama_chat - ERROR - Error in chat: API call failed (type: StopIteration): 
2025-05-20 23:01:54 - llama_chat - WARNING - Received empty or whitespace-only message
2025-05-20 23:01:56 - llama_chat - WARNING - Received empty or whitespace-only message
2025-05-20 23:01:58 - llama_chat - WARNING - Received empty or whitespace-only message
2025-05-20 23:02:02 - llama_chat - INFO - Received message: 
2025-05-20 23:02:02 - llama_chat - ERROR - API call failed with error type: StopIteration, message: 
2025-05-20 23:02:02 - llama_chat - ERROR - Full error traceback: Traceback (most recent call last):
  File "/Users/udaysambyal/Desktop/student_lms_ai_backend/app/examples/huggingface_test.py", line 166, in chat
    self.logger.debug(f"Making API call to model {self.model_id} with parameters: {self.generation_params}")
               ^^^^^^^^^^^^^^^^^^^^^^^^^^^^^^^^^^^^^^^^^^^^^^^^^^^^^^^^^^^^^^^^^^^^^^^^^^^^^^^^^^^^^^^^^^^^^
  File "/Users/udaysambyal/Desktop/student_lms_ai_backend/venv/lib/python3.11/site-packages/huggingface_hub/inference/_client.py", line 2297, in text_generation
    provider_helper = get_provider_helper(self.provider, task="text-generation", model=model_id)
                      ^^^^^^^^^^^^^^^^^^^^^^^^^^^^^^^^^^^^^^^^^^^^^^^^^^^^^^^^^^^^^^^^^^^^^^^^^^
  File "/Users/udaysambyal/Desktop/student_lms_ai_backend/venv/lib/python3.11/site-packages/huggingface_hub/inference/_providers/__init__.py", line 165, in get_provider_helper
    provider = next(iter(provider_mapping))
               ^^^^^^^^^^^^^^^^^^^^^^^^^^^^
StopIteration

2025-05-20 23:02:02 - llama_chat - ERROR - Error in chat: API call failed (type: StopIteration): 
